<?xml version="1.0" encoding="UTF-8"?>
<!-- Generated by org.testng.reporters.JUnitReportReporter -->
<testsuite skipped="0" hostname="DESKTOP-QUD63Q9" name="package1.Practice1" tests="1" failures="0" timestamp="2022-12-21T23:43:16 IST" time="0.014" errors="0">
  <testcase name="tes1" time="0.014" classname="package1.Practice1"/>
</testsuite> <!-- package1.Practice1 -->
